[0.011s] Invoking command in '/home/sam/CSE180/build/final': CMAKE_PREFIX_PATH=${CMAKE_PREFIX_PATH}:/home/sam/MRTP/MRTP/install/gazeboenvs:/opt/ros/foxy /usr/bin/cmake --build /home/sam/CSE180/build/final -- -j8 -l8
[0.029s] -- Found ament_cmake: 0.9.11 (/opt/ros/foxy/share/ament_cmake/cmake)
[0.044s] -- Using PYTHON_EXECUTABLE: /usr/bin/python3
[0.140s] -- Found rclcpp: 2.4.2 (/opt/ros/foxy/share/rclcpp/cmake)
[0.159s] -- Using all available rosidl_typesupport_c: rosidl_typesupport_fastrtps_c;rosidl_typesupport_introspection_c
[0.161s] -- Found rosidl_adapter: 1.3.0 (/opt/ros/foxy/share/rosidl_adapter/cmake)
[0.236s] -- Using all available rosidl_typesupport_cpp: rosidl_typesupport_fastrtps_cpp;rosidl_typesupport_introspection_cpp
[0.268s] -- Found rmw_implementation_cmake: 1.0.4 (/opt/ros/foxy/share/rmw_implementation_cmake/cmake)
[0.268s] -- Using RMW implementation 'rmw_fastrtps_cpp' as default
[0.360s] -- Found geometry_msgs: 2.0.5 (/opt/ros/foxy/share/geometry_msgs/cmake)
[0.382s] -- Found nav_msgs: 2.0.5 (/opt/ros/foxy/share/nav_msgs/cmake)
[0.427s] -- Found nav2_msgs: 0.4.7 (/opt/ros/foxy/share/nav2_msgs/cmake)
[0.600s] -- Found rclcpp_action: 2.4.2 (/opt/ros/foxy/share/rclcpp_action/cmake)
[0.620s] -- Found lifecycle_msgs: 1.0.0 (/opt/ros/foxy/share/lifecycle_msgs/cmake)
[0.625s] -- Found ament_lint_auto: 0.9.8 (/opt/ros/foxy/share/ament_lint_auto/cmake)
[0.661s] CMake Error at CMakeLists.txt:49 (target_include_directories):
[0.661s]   Cannot specify include directories for target "testnavigation" which is not
[0.661s]   built by this project.
[0.661s] 
[0.661s] 
[0.661s] CMake Error at /opt/ros/foxy/share/ament_cmake_target_dependencies/cmake/ament_target_dependencies.cmake:42 (message):
[0.661s]   ament_target_dependencies() the first argument must be a valid target name
[0.661s] Call Stack (most recent call first):
[0.661s]   CMakeLists.txt:56 (ament_target_dependencies)
[0.661s] 
[0.662s] 
[0.662s] -- Configuring incomplete, errors occurred!
[0.662s] See also "/home/sam/CSE180/build/final/CMakeFiles/CMakeOutput.log".
[0.662s] See also "/home/sam/CSE180/build/final/CMakeFiles/CMakeError.log".
[0.667s] make: *** [Makefile:313: cmake_check_build_system] Error 1
[0.668s] Invoked command in '/home/sam/CSE180/build/final' returned '2': CMAKE_PREFIX_PATH=${CMAKE_PREFIX_PATH}:/home/sam/MRTP/MRTP/install/gazeboenvs:/opt/ros/foxy /usr/bin/cmake --build /home/sam/CSE180/build/final -- -j8 -l8
