-- The C compiler identification is GNU 9.4.0
-- The CXX compiler identification is GNU 9.4.0
-- Check for working C compiler: /usr/bin/cc
-- Check for working C compiler: /usr/bin/cc -- works
-- Detecting C compiler ABI info
-- Detecting C compiler ABI info - done
-- Detecting C compile features
-- Detecting C compile features - done
-- Check for working CXX compiler: /usr/bin/c++
-- Check for working CXX compiler: /usr/bin/c++ -- works
-- Detecting CXX compiler ABI info
-- Detecting CXX compiler ABI info - done
-- Detecting CXX compile features
-- Detecting CXX compile features - done
-- Found ament_cmake: 0.9.11 (/opt/ros/foxy/share/ament_cmake/cmake)
-- Found PythonInterp: /usr/bin/python3 (found suitable version "3.8.10", minimum required is "3") 
-- Using PYTHON_EXECUTABLE: /usr/bin/python3
-- Found rclcpp: 2.4.2 (/opt/ros/foxy/share/rclcpp/cmake)
-- Using all available rosidl_typesupport_c: rosidl_typesupport_connext_c;rosidl_typesupport_fastrtps_c;rosidl_typesupport_introspection_c
-- Found rosidl_adapter: 1.3.0 (/opt/ros/foxy/share/rosidl_adapter/cmake)
-- Found RTI Connext: /opt/rti.com/rti_connext_dds-5.3.1
-- Found OpenSSL: /usr/lib/x86_64-linux-gnu/libcrypto.so (found version "1.1.1f")  
-- Found FastRTPS: /opt/ros/foxy/include  
-- Using all available rosidl_typesupport_cpp: rosidl_typesupport_connext_cpp;rosidl_typesupport_fastrtps_cpp;rosidl_typesupport_introspection_cpp
-- Found rmw_implementation_cmake: 1.0.3 (/opt/ros/foxy/share/rmw_implementation_cmake/cmake)
-- Using RMW implementation 'rmw_fastrtps_cpp' as default
-- Looking for pthread.h
-- Looking for pthread.h - found
-- Performing Test CMAKE_HAVE_LIBC_PTHREAD
-- Performing Test CMAKE_HAVE_LIBC_PTHREAD - Failed
-- Looking for pthread_create in pthreads
-- Looking for pthread_create in pthreads - not found
-- Looking for pthread_create in pthread
-- Looking for pthread_create in pthread - found
-- Found Threads: TRUE  
-- Found geometry_msgs: 2.0.5 (/opt/ros/foxy/share/geometry_msgs/cmake)
-- Found nav_msgs: 2.0.5 (/opt/ros/foxy/share/nav_msgs/cmake)
-- Found nav2_msgs: 0.4.7 (/opt/ros/foxy/share/nav2_msgs/cmake)
-- Found rclcpp_action: 2.4.2 (/opt/ros/foxy/share/rclcpp_action/cmake)
-- Found lifecycle_msgs: 1.0.0 (/opt/ros/foxy/share/lifecycle_msgs/cmake)
-- Found ament_lint_auto: 0.9.7 (/opt/ros/foxy/share/ament_lint_auto/cmake)
-- Added test 'copyright' to check source files copyright and LICENSE
-- Added test 'cppcheck' to perform static code analysis on C / C++ code
-- Configured cppcheck include dirs: $<BUILD_INTERFACE:/root/CSE180Project/src/final/include>
-- Configured cppcheck exclude dirs and/or files: 
-- Added test 'cpplint' to check C / C++ code against the Google style
-- Configured cpplint exclude dirs and/or files: 
-- Added test 'lint_cmake' to check CMake code style
-- Added test 'uncrustify' to check C / C++ code style
-- Configured uncrustify additional arguments: 
-- Added test 'xmllint' to check XML markup files
-- Configuring done
-- Generating done
-- Build files have been written to: /root/CSE180Project/build/final
[35m[1mScanning dependencies of target final[0m
[35m[1mScanning dependencies of target testnavigation[0m
[ 20%] [32mBuilding CXX object CMakeFiles/final.dir/src/navigation.cpp.o[0m
[ 40%] [32mBuilding CXX object CMakeFiles/testnavigation.dir/src/testnavigator.cpp.o[0m
[ 60%] [32mBuilding CXX object CMakeFiles/testnavigation.dir/src/navigation.cpp.o[0m
[ 80%] [32m[1mLinking CXX static library libfinal.a[0m
[100%] [32m[1mLinking CXX executable testnavigation[0m
[100%] Built target final
[100%] Built target testnavigation
-- Install configuration: ""
-- Installing: /root/CSE180Project/install/final/share/final/environment/library_path.sh
-- Installing: /root/CSE180Project/install/final/share/final/environment/library_path.dsv
-- Up-to-date: /root/CSE180Project/install/final/include
-- Up-to-date: /root/CSE180Project/install/final/include/final
-- Up-to-date: /root/CSE180Project/install/final/include/final/navigation.hpp
-- Installing: /root/CSE180Project/install/final/lib/libfinal.a
-- Installing: /root/CSE180Project/install/final/lib/final/testnavigation
-- Set runtime path of "/root/CSE180Project/install/final/lib/final/testnavigation" to ""
-- Up-to-date: /root/CSE180Project/install/final/share/ament_index/resource_index/package_run_dependencies/final
-- Installing: /root/CSE180Project/install/final/share/ament_index/resource_index/parent_prefix_path/final
-- Installing: /root/CSE180Project/install/final/share/final/environment/ament_prefix_path.sh
-- Installing: /root/CSE180Project/install/final/share/final/environment/ament_prefix_path.dsv
-- Installing: /root/CSE180Project/install/final/share/final/environment/path.sh
-- Installing: /root/CSE180Project/install/final/share/final/environment/path.dsv
-- Up-to-date: /root/CSE180Project/install/final/share/final/local_setup.bash
-- Installing: /root/CSE180Project/install/final/share/final/local_setup.sh
-- Up-to-date: /root/CSE180Project/install/final/share/final/local_setup.zsh
-- Installing: /root/CSE180Project/install/final/share/final/local_setup.dsv
-- Installing: /root/CSE180Project/install/final/share/final/package.dsv
-- Up-to-date: /root/CSE180Project/install/final/share/ament_index/resource_index/packages/final
-- Up-to-date: /root/CSE180Project/install/final/share/final/cmake/navigatorlibExport.cmake
-- Installing: /root/CSE180Project/install/final/share/final/cmake/navigatorlibExport-noconfig.cmake
-- Up-to-date: /root/CSE180Project/install/final/share/final/cmake/ament_cmake_export_targets-extras.cmake
-- Up-to-date: /root/CSE180Project/install/final/share/final/cmake/ament_cmake_export_dependencies-extras.cmake
-- Up-to-date: /root/CSE180Project/install/final/share/final/cmake/finalConfig.cmake
-- Up-to-date: /root/CSE180Project/install/final/share/final/cmake/finalConfig-version.cmake
-- Up-to-date: /root/CSE180Project/install/final/share/final/package.xml
