-- Found ament_cmake: 0.9.11 (/opt/ros/foxy/share/ament_cmake/cmake)
-- Using PYTHON_EXECUTABLE: /usr/bin/python3
-- Found rclcpp: 2.4.2 (/opt/ros/foxy/share/rclcpp/cmake)
-- Using all available rosidl_typesupport_c: rosidl_typesupport_fastrtps_c;rosidl_typesupport_introspection_c
-- Found rosidl_adapter: 1.3.0 (/opt/ros/foxy/share/rosidl_adapter/cmake)
-- Using all available rosidl_typesupport_cpp: rosidl_typesupport_fastrtps_cpp;rosidl_typesupport_introspection_cpp
-- Found rmw_implementation_cmake: 1.0.4 (/opt/ros/foxy/share/rmw_implementation_cmake/cmake)
-- Using RMW implementation 'rmw_fastrtps_cpp' as default
-- Found geometry_msgs: 2.0.5 (/opt/ros/foxy/share/geometry_msgs/cmake)
-- Found nav_msgs: 2.0.5 (/opt/ros/foxy/share/nav_msgs/cmake)
-- Found nav2_msgs: 0.4.7 (/opt/ros/foxy/share/nav2_msgs/cmake)
-- Found rclcpp_action: 2.4.2 (/opt/ros/foxy/share/rclcpp_action/cmake)
-- Found lifecycle_msgs: 1.0.0 (/opt/ros/foxy/share/lifecycle_msgs/cmake)
-- Found ament_lint_auto: 0.9.8 (/opt/ros/foxy/share/ament_lint_auto/cmake)
-- Added test 'copyright' to check source files copyright and LICENSE
-- Added test 'cppcheck' to perform static code analysis on C / C++ code
-- Configured cppcheck include dirs: $<BUILD_INTERFACE:/home/sam/CSE180/src/final/include>
-- Configured cppcheck exclude dirs and/or files: 
-- Added test 'cpplint' to check C / C++ code against the Google style
-- Configured cpplint exclude dirs and/or files: 
-- Added test 'lint_cmake' to check CMake code style
-- Added test 'uncrustify' to check C / C++ code style
-- Configured uncrustify additional arguments: 
-- Added test 'xmllint' to check XML markup files
-- Configuring done
-- Generating done
-- Build files have been written to: /home/sam/CSE180/build/final
[35m[1mScanning dependencies of target final[0m
[35m[1mScanning dependencies of target testnavigation[0m
[ 20%] [32mBuilding CXX object CMakeFiles/testnavigation.dir/src/navigation.cpp.o[0m
[ 40%] [32mBuilding CXX object CMakeFiles/final.dir/src/navigation.cpp.o[0m
[ 60%] [32m[1mLinking CXX static library libfinal.a[0m
[ 80%] [32m[1mLinking CXX executable testnavigation[0m
[ 80%] Built target final
[100%] Built target testnavigation
-- Install configuration: ""
-- Installing: /home/sam/CSE180/install/final/share/final/environment/library_path.sh
-- Installing: /home/sam/CSE180/install/final/share/final/environment/library_path.dsv
-- Installing: /home/sam/CSE180/install/final/include
-- Installing: /home/sam/CSE180/install/final/include/final
-- Installing: /home/sam/CSE180/install/final/include/final/navigation.hpp
-- Installing: /home/sam/CSE180/install/final/lib/libfinal.a
-- Installing: /home/sam/CSE180/install/final/lib/final/testnavigation
-- Set runtime path of "/home/sam/CSE180/install/final/lib/final/testnavigation" to ""
-- Installing: /home/sam/CSE180/install/final/share/ament_index/resource_index/package_run_dependencies/final
-- Installing: /home/sam/CSE180/install/final/share/ament_index/resource_index/parent_prefix_path/final
-- Installing: /home/sam/CSE180/install/final/share/final/environment/ament_prefix_path.sh
-- Installing: /home/sam/CSE180/install/final/share/final/environment/ament_prefix_path.dsv
-- Installing: /home/sam/CSE180/install/final/share/final/environment/path.sh
-- Installing: /home/sam/CSE180/install/final/share/final/environment/path.dsv
-- Installing: /home/sam/CSE180/install/final/share/final/local_setup.bash
-- Installing: /home/sam/CSE180/install/final/share/final/local_setup.sh
-- Installing: /home/sam/CSE180/install/final/share/final/local_setup.zsh
-- Installing: /home/sam/CSE180/install/final/share/final/local_setup.dsv
-- Installing: /home/sam/CSE180/install/final/share/final/package.dsv
-- Installing: /home/sam/CSE180/install/final/share/ament_index/resource_index/packages/final
-- Installing: /home/sam/CSE180/install/final/share/final/cmake/navigatorlibExport.cmake
-- Installing: /home/sam/CSE180/install/final/share/final/cmake/navigatorlibExport-noconfig.cmake
-- Installing: /home/sam/CSE180/install/final/share/final/cmake/ament_cmake_export_targets-extras.cmake
-- Installing: /home/sam/CSE180/install/final/share/final/cmake/ament_cmake_export_dependencies-extras.cmake
-- Installing: /home/sam/CSE180/install/final/share/final/cmake/finalConfig.cmake
-- Installing: /home/sam/CSE180/install/final/share/final/cmake/finalConfig-version.cmake
-- Installing: /home/sam/CSE180/install/final/share/final/package.xml
