[0.011s] Invoking command in '/home/sam/CSE180/build/final': CMAKE_PREFIX_PATH=${CMAKE_PREFIX_PATH}:/home/sam/MRTP/MRTP/install/gazeboenvs:/opt/ros/foxy /usr/bin/cmake --build /home/sam/CSE180/build/final -- -j8 -l8
[0.028s] -- Found ament_cmake: 0.9.11 (/opt/ros/foxy/share/ament_cmake/cmake)
[0.041s] -- Using PYTHON_EXECUTABLE: /usr/bin/python3
[0.143s] -- Found rclcpp: 2.4.2 (/opt/ros/foxy/share/rclcpp/cmake)
[0.162s] -- Using all available rosidl_typesupport_c: rosidl_typesupport_fastrtps_c;rosidl_typesupport_introspection_c
[0.164s] -- Found rosidl_adapter: 1.3.0 (/opt/ros/foxy/share/rosidl_adapter/cmake)
[0.236s] -- Using all available rosidl_typesupport_cpp: rosidl_typesupport_fastrtps_cpp;rosidl_typesupport_introspection_cpp
[0.266s] -- Found rmw_implementation_cmake: 1.0.4 (/opt/ros/foxy/share/rmw_implementation_cmake/cmake)
[0.267s] -- Using RMW implementation 'rmw_fastrtps_cpp' as default
[0.354s] -- Found geometry_msgs: 2.0.5 (/opt/ros/foxy/share/geometry_msgs/cmake)
[0.375s] -- Found nav_msgs: 2.0.5 (/opt/ros/foxy/share/nav_msgs/cmake)
[0.418s] -- Found nav2_msgs: 0.4.7 (/opt/ros/foxy/share/nav2_msgs/cmake)
[0.582s] -- Found rclcpp_action: 2.4.2 (/opt/ros/foxy/share/rclcpp_action/cmake)
[0.601s] -- Found lifecycle_msgs: 1.0.0 (/opt/ros/foxy/share/lifecycle_msgs/cmake)
[0.607s] -- Found ament_lint_auto: 0.9.8 (/opt/ros/foxy/share/ament_lint_auto/cmake)
[0.647s] -- Added test 'copyright' to check source files copyright and LICENSE
[0.647s] -- Added test 'cppcheck' to perform static code analysis on C / C++ code
[0.647s] -- Configured cppcheck include dirs: $<BUILD_INTERFACE:/home/sam/CSE180/src/final/include>
[0.647s] -- Configured cppcheck exclude dirs and/or files: 
[0.648s] -- Added test 'cpplint' to check C / C++ code against the Google style
[0.648s] -- Configured cpplint exclude dirs and/or files: 
[0.648s] -- Added test 'lint_cmake' to check CMake code style
[0.648s] -- Added test 'uncrustify' to check C / C++ code style
[0.648s] -- Configured uncrustify additional arguments: 
[0.649s] -- Added test 'xmllint' to check XML markup files
[0.651s] -- Configuring done
[0.659s] -- Generating done
[0.660s] -- Build files have been written to: /home/sam/CSE180/build/final
[0.675s] [35m[1mScanning dependencies of target final[0m
[0.677s] [35m[1mScanning dependencies of target testnavigation[0m
[0.697s] [ 20%] [32mBuilding CXX object CMakeFiles/testnavigation.dir/src/navigation.cpp.o[0m
[0.700s] [ 40%] [32mBuilding CXX object CMakeFiles/final.dir/src/navigation.cpp.o[0m
[9.867s] [ 60%] [32m[1mLinking CXX static library libfinal.a[0m
[9.881s] [ 80%] [32m[1mLinking CXX executable testnavigation[0m
[10.012s] [ 80%] Built target final
[10.283s] [100%] Built target testnavigation
[10.291s] Invoked command in '/home/sam/CSE180/build/final' returned '0': CMAKE_PREFIX_PATH=${CMAKE_PREFIX_PATH}:/home/sam/MRTP/MRTP/install/gazeboenvs:/opt/ros/foxy /usr/bin/cmake --build /home/sam/CSE180/build/final -- -j8 -l8
[10.316s] Invoking command in '/home/sam/CSE180/build/final': CMAKE_PREFIX_PATH=${CMAKE_PREFIX_PATH}:/home/sam/MRTP/MRTP/install/gazeboenvs:/opt/ros/foxy /usr/bin/cmake --install /home/sam/CSE180/build/final
[10.323s] -- Install configuration: ""
[10.323s] -- Installing: /home/sam/CSE180/install/final/share/final/environment/library_path.sh
[10.323s] -- Installing: /home/sam/CSE180/install/final/share/final/environment/library_path.dsv
[10.323s] -- Installing: /home/sam/CSE180/install/final/include
[10.323s] -- Installing: /home/sam/CSE180/install/final/include/final
[10.323s] -- Installing: /home/sam/CSE180/install/final/include/final/navigation.hpp
[10.323s] -- Installing: /home/sam/CSE180/install/final/lib/libfinal.a
[10.331s] -- Installing: /home/sam/CSE180/install/final/lib/final/testnavigation
[10.334s] -- Set runtime path of "/home/sam/CSE180/install/final/lib/final/testnavigation" to ""
[10.334s] -- Installing: /home/sam/CSE180/install/final/share/ament_index/resource_index/package_run_dependencies/final
[10.334s] -- Installing: /home/sam/CSE180/install/final/share/ament_index/resource_index/parent_prefix_path/final
[10.334s] -- Installing: /home/sam/CSE180/install/final/share/final/environment/ament_prefix_path.sh
[10.334s] -- Installing: /home/sam/CSE180/install/final/share/final/environment/ament_prefix_path.dsv
[10.334s] -- Installing: /home/sam/CSE180/install/final/share/final/environment/path.sh
[10.335s] -- Installing: /home/sam/CSE180/install/final/share/final/environment/path.dsv
[10.335s] -- Installing: /home/sam/CSE180/install/final/share/final/local_setup.bash
[10.335s] -- Installing: /home/sam/CSE180/install/final/share/final/local_setup.sh
[10.335s] -- Installing: /home/sam/CSE180/install/final/share/final/local_setup.zsh
[10.335s] -- Installing: /home/sam/CSE180/install/final/share/final/local_setup.dsv
[10.335s] -- Installing: /home/sam/CSE180/install/final/share/final/package.dsv
[10.335s] -- Installing: /home/sam/CSE180/install/final/share/ament_index/resource_index/packages/final
[10.335s] -- Installing: /home/sam/CSE180/install/final/share/final/cmake/navigatorlibExport.cmake
[10.335s] -- Installing: /home/sam/CSE180/install/final/share/final/cmake/navigatorlibExport-noconfig.cmake
[10.335s] -- Installing: /home/sam/CSE180/install/final/share/final/cmake/ament_cmake_export_targets-extras.cmake
[10.335s] -- Installing: /home/sam/CSE180/install/final/share/final/cmake/ament_cmake_export_dependencies-extras.cmake
[10.335s] -- Installing: /home/sam/CSE180/install/final/share/final/cmake/finalConfig.cmake
[10.335s] -- Installing: /home/sam/CSE180/install/final/share/final/cmake/finalConfig-version.cmake
[10.335s] -- Installing: /home/sam/CSE180/install/final/share/final/package.xml
[10.337s] Invoked command in '/home/sam/CSE180/build/final' returned '0': CMAKE_PREFIX_PATH=${CMAKE_PREFIX_PATH}:/home/sam/MRTP/MRTP/install/gazeboenvs:/opt/ros/foxy /usr/bin/cmake --install /home/sam/CSE180/build/final
