[0.009s] Invoking command in '/home/sam/CSE180/build/navigation': CMAKE_PREFIX_PATH=${CMAKE_PREFIX_PATH}:/home/sam/MRTP/MRTP/install/gazeboenvs:/opt/ros/foxy /usr/bin/cmake /home/sam/CSE180/src/final -DCMAKE_INSTALL_PREFIX=/home/sam/CSE180/install/navigation
[0.054s] -- The C compiler identification is GNU 9.4.0
[0.101s] -- The CXX compiler identification is GNU 9.4.0
[0.104s] -- Check for working C compiler: /usr/bin/cc
[0.157s] -- Check for working C compiler: /usr/bin/cc -- works
[0.158s] -- Detecting C compiler ABI info
[0.207s] -- Detecting C compiler ABI info - done
[0.218s] -- Detecting C compile features
[0.219s] -- Detecting C compile features - done
[0.220s] -- Check for working CXX compiler: /usr/bin/c++
[0.274s] -- Check for working CXX compiler: /usr/bin/c++ -- works
[0.275s] -- Detecting CXX compiler ABI info
[0.326s] -- Detecting CXX compiler ABI info - done
[0.333s] -- Detecting CXX compile features
[0.333s] -- Detecting CXX compile features - done
[0.335s] -- Found ament_cmake: 0.9.11 (/opt/ros/foxy/share/ament_cmake/cmake)
[0.349s] -- Found PythonInterp: /usr/bin/python3 (found suitable version "3.8.10", minimum required is "3") 
[0.349s] -- Using PYTHON_EXECUTABLE: /usr/bin/python3
[0.466s] -- Found rclcpp: 2.4.2 (/opt/ros/foxy/share/rclcpp/cmake)
[0.495s] -- Using all available rosidl_typesupport_c: rosidl_typesupport_fastrtps_c;rosidl_typesupport_introspection_c
[0.500s] -- Found rosidl_adapter: 1.3.0 (/opt/ros/foxy/share/rosidl_adapter/cmake)
[0.547s] -- Found OpenSSL: /usr/lib/x86_64-linux-gnu/libcrypto.so (found version "1.1.1f")  
[0.565s] -- Found FastRTPS: /opt/ros/foxy/include  
[0.617s] -- Using all available rosidl_typesupport_cpp: rosidl_typesupport_fastrtps_cpp;rosidl_typesupport_introspection_cpp
[0.656s] -- Found rmw_implementation_cmake: 1.0.4 (/opt/ros/foxy/share/rmw_implementation_cmake/cmake)
[0.657s] -- Using RMW implementation 'rmw_fastrtps_cpp' as default
[0.657s] -- Looking for pthread.h
[0.713s] -- Looking for pthread.h - found
[0.713s] -- Performing Test CMAKE_HAVE_LIBC_PTHREAD
[0.766s] -- Performing Test CMAKE_HAVE_LIBC_PTHREAD - Failed
[0.767s] -- Looking for pthread_create in pthreads
[0.808s] -- Looking for pthread_create in pthreads - not found
[0.808s] -- Looking for pthread_create in pthread
[0.854s] -- Looking for pthread_create in pthread - found
[0.855s] -- Found Threads: TRUE  
[0.950s] -- Found geometry_msgs: 2.0.5 (/opt/ros/foxy/share/geometry_msgs/cmake)
[0.972s] -- Found nav_msgs: 2.0.5 (/opt/ros/foxy/share/nav_msgs/cmake)
[1.018s] -- Found nav2_msgs: 0.4.7 (/opt/ros/foxy/share/nav2_msgs/cmake)
[1.193s] -- Found rclcpp_action: 2.4.2 (/opt/ros/foxy/share/rclcpp_action/cmake)
[1.214s] -- Found lifecycle_msgs: 1.0.0 (/opt/ros/foxy/share/lifecycle_msgs/cmake)
[1.220s] -- Found ament_lint_auto: 0.9.8 (/opt/ros/foxy/share/ament_lint_auto/cmake)
[1.255s] CMake Error at /opt/ros/foxy/share/ament_cmake_core/cmake/core/ament_package_xml.cmake:53 (message):
[1.255s]   ament_package_xml() package name 'navigation' in '/package.xml' does not
[1.255s]   match current PROJECT_NAME 'final'.  You must call project() with the same
[1.255s]   package name before.
[1.255s] Call Stack (most recent call first):
[1.255s]   /opt/ros/foxy/share/ament_lint_auto/cmake/ament_lint_auto_find_test_dependencies.cmake:31 (ament_package_xml)
[1.255s]   CMakeLists.txt:37 (ament_lint_auto_find_test_dependencies)
[1.255s] 
[1.255s] 
[1.256s] -- Configuring incomplete, errors occurred!
[1.256s] See also "/home/sam/CSE180/build/navigation/CMakeFiles/CMakeOutput.log".
[1.256s] See also "/home/sam/CSE180/build/navigation/CMakeFiles/CMakeError.log".
[1.262s] Invoked command in '/home/sam/CSE180/build/navigation' returned '1': CMAKE_PREFIX_PATH=${CMAKE_PREFIX_PATH}:/home/sam/MRTP/MRTP/install/gazeboenvs:/opt/ros/foxy /usr/bin/cmake /home/sam/CSE180/src/final -DCMAKE_INSTALL_PREFIX=/home/sam/CSE180/install/navigation
