[0.011s] Invoking command in '/home/sam/CSE180/build/final': CMAKE_PREFIX_PATH=${CMAKE_PREFIX_PATH}:/home/sam/MRTP/MRTP/install/gazeboenvs:/opt/ros/foxy /usr/bin/cmake --build /home/sam/CSE180/build/final -- -j8 -l8
[0.028s] -- Found ament_cmake: 0.9.11 (/opt/ros/foxy/share/ament_cmake/cmake)
[0.040s] -- Using PYTHON_EXECUTABLE: /usr/bin/python3
[0.135s] -- Found rclcpp: 2.4.2 (/opt/ros/foxy/share/rclcpp/cmake)
[0.155s] -- Using all available rosidl_typesupport_c: rosidl_typesupport_fastrtps_c;rosidl_typesupport_introspection_c
[0.156s] -- Found rosidl_adapter: 1.3.0 (/opt/ros/foxy/share/rosidl_adapter/cmake)
[0.229s] -- Using all available rosidl_typesupport_cpp: rosidl_typesupport_fastrtps_cpp;rosidl_typesupport_introspection_cpp
[0.260s] -- Found rmw_implementation_cmake: 1.0.4 (/opt/ros/foxy/share/rmw_implementation_cmake/cmake)
[0.263s] -- Using RMW implementation 'rmw_fastrtps_cpp' as default
[0.352s] -- Found geometry_msgs: 2.0.5 (/opt/ros/foxy/share/geometry_msgs/cmake)
[0.373s] -- Found nav_msgs: 2.0.5 (/opt/ros/foxy/share/nav_msgs/cmake)
[0.417s] -- Found nav2_msgs: 0.4.7 (/opt/ros/foxy/share/nav2_msgs/cmake)
[0.583s] -- Found rclcpp_action: 2.4.2 (/opt/ros/foxy/share/rclcpp_action/cmake)
[0.602s] -- Found lifecycle_msgs: 1.0.0 (/opt/ros/foxy/share/lifecycle_msgs/cmake)
[0.607s] -- Found ament_lint_auto: 0.9.8 (/opt/ros/foxy/share/ament_lint_auto/cmake)
[0.644s] CMake Error at CMakeLists.txt:44 (target_include_directories):
[0.645s]   Cannot specify include directories for target "navigator" which is not
[0.645s]   built by this project.
[0.645s] 
[0.645s] 
[0.648s] -- Added test 'copyright' to check source files copyright and LICENSE
[0.649s] -- Added test 'cppcheck' to perform static code analysis on C / C++ code
[0.649s] -- Configured cppcheck include dirs: $<BUILD_INTERFACE:/home/sam/CSE180/src/final/include>
[0.649s] -- Configured cppcheck exclude dirs and/or files: 
[0.649s] -- Added test 'cpplint' to check C / C++ code against the Google style
[0.649s] -- Configured cpplint exclude dirs and/or files: 
[0.650s] -- Added test 'lint_cmake' to check CMake code style
[0.650s] -- Added test 'uncrustify' to check C / C++ code style
[0.650s] -- Configured uncrustify additional arguments: 
[0.650s] -- Added test 'xmllint' to check XML markup files
[0.652s] -- Configuring incomplete, errors occurred!
[0.652s] See also "/home/sam/CSE180/build/final/CMakeFiles/CMakeOutput.log".
[0.652s] See also "/home/sam/CSE180/build/final/CMakeFiles/CMakeError.log".
[0.657s] make: *** [Makefile:313: cmake_check_build_system] Error 1
[0.659s] Invoked command in '/home/sam/CSE180/build/final' returned '2': CMAKE_PREFIX_PATH=${CMAKE_PREFIX_PATH}:/home/sam/MRTP/MRTP/install/gazeboenvs:/opt/ros/foxy /usr/bin/cmake --build /home/sam/CSE180/build/final -- -j8 -l8
